994900
992901
990904
988909
986916
984925
982936
980949
978964
976981
975000
973021
971044
969069
967096
965125
963156
961189
959224
957261
955300
953341
951384
949429
947476
945525
943576
941629
939684
937741
935800
933861
931924
929989
928056
926125
924196
922269
920344
918421
916500
914581
912664
910749
908836
906925
905016
903109
901204
899301
897400
895501
893604
891709
889816
887925
886036
884149
882264
880381
878500
876621
874744
872869
870996
869125
867256
865389
863524
861661
859800
857941
856084
854229
852376
850525
848676
846829
844984
843141
841300
839461
837624
835789
833956
832125
830296
828469
826644
824821
823000
821181
819364
817549
815736
813925
812116
810309
808504
806701
804900
803101
801304
799509
797716
795925
794136
792349
790564
788781
787000
785221
783444
781669
779896
778125
776356
774589
772824
771061
769300
767541
765784
764029
762276
760525
758776
757029
755284
753541
751800
750061
748324
746589
744856
743125
741396
739669
737944
736221
734500
732781
731064
729349
727636
725925
724216
722509
720804
719101
717400
715701
714004
712309
710616
708925
707236
705549
703864
702181
700500
698821
697144
695469
693796
692125
690456
688789
687124
685461
683800
682141
680484
678829
677176
675525
673876
672229
670584
668941
667300
665661
664024
662389
660756
659125
657496
655869
654244
652621
651000
649381
647764
646149
644536
642925
641316
639709
638104
636501
634900
633301
631704
630109
628516
626925
625336
623749
622164
620581
619000
617421
615844
614269
612696
611125
609556
607989
606424
604861
603300
601741
600184
598629
597076
595525
593976
592429
590884
589341
587800
586261
584724
583189
581656
580125
578596
577069
575544
574021
572500
570981
569464
567949
566436
564925
563416
561909
560404
558901
557400
555901
554404
552909
551416
549925
548436
546949
545464
543981
542500
541021
539544
538069
536596
535125
533656
532189
530724
529261
527800
526341
524884
523429
521976
520525
519076
517629
516184
514741
513300
511861
510424
508989
507556
506125
504696
503269
501844
500421
499000
497581
496164
494749
493336
491925
490516
489109
487704
486301
484900
483501
482104
480709
479316
477925
476536
475149
473764
472381
471000
469621
468244
466869
465496
464125
462756
461389
460024
458661
457300
455941
454584
453229
451876
450525
449176
447829
446484
445141
443800
442461
441124
439789
438456
437125
435796
434469
433144
431821
430500
429181
427864
426549
425236
423925
422616
421309
420004
418701
417400
416101
414804
413509
412216
410925
409636
408349
407064
405781
404500
403221
401944
400669
399396
398125
396856
395589
394324
393061
391800
390541
389284
388029
386776
385525
384276
383029
381784
380541
379300
378061
376824
375589
374356
373125
371896
370669
369444
368221
367000
365781
364564
363349
362136
360925
359716
358509
357304
356101
354900
353701
352504
351309
350116
348925
347736
346549
345364
344181
343000
341821
340644
339469
338296
337125
335956
334789
333624
332461
331300
330141
328984
327829
326676
325525
324376
323229
322084
320941
319800
318661
317524
316389
315256
314125
312996
311869
310744
309621
308500
307381
306264
305149
304036
302925
301816
300709
299604
298501
297400
296301
295204
294109
293016
291925
290836
289749
288664
287581
286500
285421
284344
283269
282196
281125
280056
278989
277924
276861
275800
274741
273684
272629
271576
270525
269476
268429
267384
266341
265300
264261
263224
262189
261156
260125
259096
258069
257044
256021
255000
253981
252964
251949
250936
249925
248916
247909
246904
245901
244900
243901
242904
241909
240916
239925
238936
237949
236964
235981
235000
234021
233044
232069
231096
230125
229156
228189
227224
226261
225300
224341
223384
222429
221476
220525
219576
218629
217684
216741
215800
214861
213924
212989
212056
211125
210196
209269
208344
207421
206500
205581
204664
203749
202836
201925
201016
200109
199204
198301
197400
196501
195604
194709
193816
192925
192036
191149
190264
189381
188500
187621
186744
185869
184996
184125
183256
182389
181524
180661
179800
178941
178084
177229
176376
175525
174676
173829
172984
172141
171300
170461
169624
168789
167956
167125
166296
165469
164644
163821
163000
162181
161364
160549
159736
158925
158116
157309
156504
155701
154900
154101
153304
152509
151716
150925
150136
149349
148564
147781
147000
146221
145444
144669
143896
143125
142356
141589
140824
140061
139300
138541
137784
137029
136276
135525
134776
134029
133284
132541
131800
131061
130324
129589
128856
128125
127396
126669
125944
125221
124500
123781
123064
122349
121636
120925
120216
119509
118804
118101
117400
116701
116004
115309
114616
113925
113236
112549
111864
111181
110500
109821
109144
108469
107796
107125
106456
105789
105124
104461
103800
103141
102484
101829
101176
100525
99876
99229
98584
97941
97300
96661
96024
95389
94756
94125
93496
92869
92244
91621
91000
90381
89764
89149
88536
87925
87316
86709
86104
85501
84900
84301
83704
83109
82516
81925
81336
80749
80164
79581
79000
78421
77844
77269
76696
76125
75556
74989
74424
73861
73300
72741
72184
71629
71076
70525
69976
69429
68884
68341
67800
67261
66724
66189
65656
65125
64596
64069
63544
63021
62500
61981
61464
60949
60436
59925
59416
58909
58404
57901
57400
56901
56404
55909
55416
54925
54436
53949
53464
52981
52500
52021
51544
51069
50596
50125
49656
49189
48724
48261
47800
47341
46884
46429
45976
45525
45076
44629
44184
43741
43300
42861
42424
41989
41556
41125
40696
40269
39844
39421
39000
38581
38164
37749
37336
36925
36516
36109
35704
35301
34900
34501
34104
33709
33316
32925
32536
32149
31764
31381
31000
30621
30244
29869
29496
29125
28756
28389
28024
27661
27300
26941
26584
26229
25876
25525
25176
24829
24484
24141
23800
23461
23124
22789
22456
22125
21796
21469
21144
20821
20500
20181
19864
19549
19236
18925
18616
18309
18004
17701
17400
17101
16804
16509
16216
15925
15636
15349
15064
14781
14500
14221
13944
13669
13396
13125
12856
12589
12324
12061
11800
11541
11284
11029
10776
10525
10276
10029
9784
9541
9300
9061
8824
8589
8356
8125
7896
7669
7444
7221
7000
6781
6564
6349
6136
5925
5716
5509
5304
5101
4900
4705
4512
4325
4140
3961
3784
3613
3444
3281
3120
2965
2812
2665
2520
2381
2244
2113
1984
1861
1740
1625
1512
1405
1300
1201
1104
1013
924
841
760
685
612
545
480
421
364
313
264
221
180
145
112
85
60
41
24
13
4
1
0
0
0
0
0
0
0
0
0
0
0
0
0
0
0
0
0
0
0
0
0
0
0
0
0
0
0
0
0
0
0
0
0
0
0
0
0
0
0
0
0
0
0
0
0
0
0
0
0
0
