182318
181432
180526
179600
178654
177688
176702
175696
174670
173624
172558
171472
170379
169268
168139
166992
165844
164693
163543
162381
161207
160025
158833
157631
156444
155249
154046
152835
151616
150389
149154
147911
146660
145401
144134
142859
141613
140361
139103
137839
136569
135310
134088
132862
131632
130398
129160
127918
126672
125422
124168
122910
121648
120382
119112
117838
116560
115278
114051
112826
111620
110428
109234
108038
106840
105700
104625
103550
102475
101400
100325
99274
98281
97288
96295
95302
94309
93316
92323
91330
90337
89344
88351
87358
86365
85372
84379
83386
82393
81459
80525
79591
78657
77723
76789
75855
74921
73987
73053
72119
71251
70383
69515
68647
67779
66911
66043
65175
64307
63439
62571
61703
60835
59967
59099
58231
57480
56731
55984
55239
54496
53755
53016
52279
51614
50951
50290
49631
48974
48319
47708
47099
46492
45887
45284
44683
44084
43487
42892
42299
41708
41119
40532
39959
39388
38819
38252
37687
37124
36563
36004
35465
34928
34393
33860
33329
32800
32273
31748
31225
30704
30185
29668
29153
28640
28129
27620
27113
26608
26105
25604
25105
24666
24229
23794
23361
22930
22501
22074
21649
21226
20805
20386
19969
19554
19141
18730
18321
17914
17509
17106
16705
16306
15909
15514
15121
14730
14341
13954
13569
13186
12805
12426
12049
11674
11301
10930
10561
10194
9829
9466
9105
8793
8485
8181
7881
7586
7295
7008
6725
6492
6261
6032
5805
5580
5357
5136
4917
4700
4485
4272
4061
3852
3645
3440
3237
3036
2837
2640
2445
2276
2109
1944
1781
1620
1461
1304
1149
996
845
696
549
440
398
358
320
284
250
218
188
160
134
110
88
68
50
34
20
8
3
0
0
0
0
0
0
0
0
0
0
0
0
0
0
0
0
0
0
0
0
0
0
0
0
0
0
0
0
0
0
0
0
0
0
0
0
0
0
0
0
0
0
0
0
0
0
0
0
0
0
0
0
0
0
0
0
0
0
0
0
0
0
0
0
0
0
0
0
0
0
0
0
0
0
0
0
0
0
0
0
0
0
0
0
0
0
0
0
0
0
0
0
0
0
0
0
0
0
0
0
0
0
0
0
0
0
0
0
0
0
0
0
0
0
0
0
0
0
0
0
0
0
0
0
0
0
0
0
0
0
0
0
0
0
0
0
0
0
0
0
0
0
0
0
0
0
0
0
0
0
0
0
0
0
0
0
0
