988464
959127
927613
903792
889544
882026
877874
875026
872604
870345
868180
866083
864032
862017
860034
858066
856124
854196
852292
850396
848507
846625
844752
842889
841035
839185
837338
835494
833653
831814
829980
828149
826320
824494
822672
820855
819040
817227
815416
813609
811804
810001
808201
806404
804609
802816
801025
799236
797449
795664
793881
792100
790321
788544
786769
784996
783225
781456
779689
777924
776161
774400
772641
770884
769129
767376
765625
763876
762129
760384
758641
756900
755161
753424
751689
749956
748225
746496
744769
743044
741321
739600
737881
736164
734449
732736
731025
729316
727609
725904
724201
722500
720801
719104
717409
715716
714025
712336
710649
708964
707281
705600
703921
702244
700569
698896
697225
695556
693889
692224
690561
688900
687241
685584
683929
682276
680625
678976
677329
675684
674041
672400
670761
669124
667489
665856
664225
662596
660969
659344
657721
656100
654481
652864
651249
649636
648025
646416
644809
643204
641601
640000
638401
636804
635209
633616
632025
630436
628849
627264
625681
624100
622521
620944
619369
617796
616225
614656
613089
611524
609961
608400
606841
605284
603729
602176
600625
599076
597529
595984
594441
592900
591361
589824
588289
586756
585225
583696
582169
580644
579121
577600
576081
574564
573049
571536
570025
568516
567009
565504
564001
562500
561001
559504
558009
556516
555025
553536
552049
550564
549081
547600
546121
544644
543169
541696
540225
538756
537289
535824
534361
532900
531441
529984
528529
527076
525625
524176
522729
521284
519841
518400
516961
515524
514089
512656
511225
509796
508369
506944
505521
504100
502681
501264
499849
498436
497025
495616
494209
492804
491401
490000
488601
487204
485809
484416
483025
481636
480249
478864
477481
476100
474721
473344
471969
470596
469225
467856
466489
465124
463761
462400
461041
459684
458329
456976
455625
454276
452929
451584
450241
448900
447561
446224
444889
443556
442225
440896
439569
438244
436921
435600
434281
432964
431649
430336
429025
427716
426409
425104
423801
422500
421201
419904
418609
417316
416025
414736
413449
412164
410881
409600
408321
407044
405769
404496
403225
401956
400689
399424
398161
396900
395641
394384
393129
391876
390625
389376
388129
386884
385641
384400
383161
381924
380689
379456
378225
376996
375769
374544
373321
372100
370881
369664
368449
367236
366025
364816
363609
362404
361201
360000
358801
357604
356409
355216
354025
352836
351649
350464
349281
348100
346921
345744
344569
343396
342225
341056
339889
338724
337561
336400
335241
334084
332929
331776
330625
329476
328329
327184
326041
324900
323761
322624
321489
320356
319225
318096
316969
315844
314721
313600
312481
311364
310249
309136
308025
306916
305809
304704
303601
302500
301401
300304
299209
298116
297025
295936
294849
293764
292681
291600
290521
289444
288369
287296
286225
285156
284089
283024
281961
280900
279841
278784
277729
276676
275625
274576
273529
272484
271441
270400
269361
268324
267289
266256
265225
264196
263169
262144
261121
260100
259081
258064
257049
256036
255025
254016
253009
252004
251001
250000
249001
248004
247009
246016
245025
244036
243049
242064
241081
240100
239121
238144
237169
236196
235225
234256
233289
232324
231361
230400
229441
228484
227529
226576
225625
224676
223729
222784
221841
220900
219961
219024
218089
217156
216225
215296
214369
213444
212521
211600
210681
209764
208849
207936
207025
206116
205209
204304
203401
202500
201601
200704
199809
198916
198025
197136
196249
195364
194481
193600
192721
191844
190969
190096
189225
188356
187489
186624
185761
184900
184041
183184
182329
181476
180625
179776
178929
178084
177241
176400
175561
174724
173889
173056
172225
171396
170569
169744
168921
168100
167281
166464
165649
164836
164025
163216
162409
161604
160801
160000
159201
158404
157609
156816
156025
155236
154449
153664
152881
152100
151321
150544
149769
148996
148225
147456
146689
145924
145161
144400
143641
142884
142129
141376
140625
139876
139129
138384
137641
136900
136161
135424
134689
133956
133225
132496
131769
131044
130321
129600
128881
128164
127449
126736
126025
125316
124609
123904
123201
122500
121801
121104
120409
119716
119025
118336
117649
116964
116281
115600
114921
114244
113569
112896
112225
111556
110889
110224
109561
108900
108241
107584
106929
106276
105625
104976
104329
103684
103041
102400
101761
101124
100489
99856
99225
98596
97969
97344
96721
96100
95481
94864
94249
93636
93025
92416
91809
91204
90601
90000
89401
88804
88209
87616
87025
86436
85849
85264
84681
84100
83521
82944
82369
81796
81225
80656
80089
79524
78961
78400
77841
77284
76729
76176
75625
75076
74529
73984
73441
72900
72361
71824
71289
70756
70225
69696
69169
68644
68121
67600
67081
66564
66049
65536
65025
64516
64009
63504
63001
62500
62001
61504
61009
60516
60025
59536
59049
58564
58081
57600
57121
56644
56169
55696
55225
54756
54289
53824
53361
52900
52441
51984
51529
51076
50625
50176
49729
49284
48841
48400
47961
47524
47089
46656
46225
45796
45369
44944
44521
44100
43681
43264
42849
42436
42025
41616
41209
40804
40401
40000
39601
39204
38809
38416
38025
37636
37249
36864
36481
36100
35721
35344
34969
34596
34225
33856
33489
33124
32761
32400
32041
31684
31329
30976
30625
30276
29929
29584
29241
28900
28561
28224
27889
27556
27225
26896
26569
26244
25921
25600
25281
24964
24649
24336
24025
23716
23409
23104
22801
22500
22201
21904
21609
21316
21025
20736
20449
20164
19881
19600
19321
19044
18769
18496
18225
17956
17689
17424
17161
16900
16641
16384
16129
15876
15625
15376
15129
14884
14641
14400
14161
13924
13689
13456
13225
12996
12769
12544
12321
12100
11881
11664
11449
11236
11025
10816
10609
10404
10201
10000
9801
9604
9409
9216
9025
8836
8649
8464
8281
8100
7921
7744
7569
7396
7225
7056
6889
6724
6561
6400
6241
6084
5929
5776
5625
5476
5329
5184
5041
4900
4761
4624
4489
4356
4225
4096
3969
3844
3721
3600
3481
3364
3249
3136
3025
2916
2809
2704
2601
2500
2401
2304
2209
2116
2025
1936
1849
1764
1681
1600
1521
1444
1369
1296
1225
1156
1089
1024
961
900
841
784
729
676
625
576
529
484
441
400
361
324
289
256
225
196
169
144
121
100
81
64
49
36
25
16
9
4
1
0
0
0
0
0
0
0
0
0
0
0
0
0
0
0
0
0
0
0
0
0
0
0
0
0
0
0
0
0
0
0
0
0
0
0
0
0
0
0
0
0
0
0
0
0
0
0
0
0
0
0
0
0
0
0
0
0
0
0
