904380
902416
900412
898368
896284
894160
891996
889792
887548
885264
882940
880576
878185
875756
873289
870784
868241
865678
863079
860444
857773
855066
852323
849544
846729
843878
840991
838068
835109
832144
829145
826112
823045
819944
816809
813640
810437
807200
803929
800624
797285
793912
790505
787064
783589
780080
776537
772960
769349
765704
762025
758312
754618
750946
747292
743610
739900
736162
732396
728602
724796
720964
717106
713222
709336
705426
701492
697602
693690
689756
685800
681822
677822
673800
669816
665810
661823
657814
653783
649730
645655
641558
637439
633298
629135
624950
620743
616514
612311
608138
603954
599754
595538
591306
587058
582794
578514
574218
569935
565636
561321
556990
552643
548280
543901
539547
535177
530798
526506
522200
517880
513546
509198
504836
500460
496149
491879
487646
483403
479216
475021
470818
466607
462388
458161
453926
449683
445459
441229
436993
432751
428503
424419
420331
416239
412143
408043
403939
399838
395733
391624
387551
383474
379496
375516
371534
367550
363564
359576
355586
351594
347600
343604
339606
335606
331604
327707
323872
320080
316286
312592
308898
305204
301534
298029
294610
291357
288171
285090
282013
278940
275871
272806
269848
266954
264062
261172
258284
255398
252514
249632
246752
243874
240998
238124
235252
232382
229550
226722
223898
221078
218313
215550
212789
210131
207475
204909
202347
199789
197235
194685
192139
189597
187167
184743
182325
179926
177535
175152
172777
170410
168211
166020
163837
161662
159495
157336
155185
153042
150907
148780
146661
144550
142447
140352
138265
136186
134115
132052
129997
127950
125911
123880
121857
119842
117835
115836
113845
111862
109887
107920
105961
104010
102067
100132
98205
96418
94637
92981
91331
89687
88049
86417
84791
83171
81557
79949
78347
76751
75161
73577
71999
70468
68943
67424
65911
64404
62903
61525
60153
58787
57648
56591
55542
54518
53502
52494
51494
50502
49518
48542
47574
46619
45672
44784
43904
43032
42168
41312
40464
39624
38792
38030
37274
36524
35780
35042
34310
33584
32864
32150
31442
30740
30044
29354
28670
27992
27320
26654
25994
25340
24706
24076
23450
22828
22210
21596
20986
20380
19834
19294
18760
18232
17710
17194
16684
16180
15682
15190
14704
14224
13750
13347
12948
12553
12162
11775
11392
11013
10638
10267
9900
9537
9178
8823
8472
8215
7962
7713
7468
7227
6990
6757
6528
6303
6082
5865
5652
5443
5238
5037
4840
4647
4458
4273
4092
3915
3744
3575
3408
3243
3080
2919
2760
2603
2448
2295
2144
1995
1848
1703
1560
1419
1280
1143
1008
875
744
615
488
363
240
119
0
0
0
0
0
0
0
0
0
0
0
0
0
0
0
0
0
0
0
0
0
0
0
0
0
0
0
0
0
0
0
0
0
0
0
0
0
0
0
0
0
0
0
0
0
0
0
0
0
0
0
0
0
0
0
0
0
0
0
0
0
0
0
0
0
0
0
0
0
0
0
0
0
0
0
0
0
0
0
0
0
0
0
0
0
0
0
0
0
0
0
0
0
0
0
0
0
0
0
0
0
0
0
0
0
0
0
0
0
0
0
0
0
0
0
0
0
0
0
0
0
0
0
0
0
0
0
0
0
0
0
0
0
0
0
0
0
0
0
0
0
0
0
0
0
0
0
0
0
0
0
0
0
0
0
0
0
0
0
0
0
0
0
0
0
0
0
0
0
0
0
0
0
0
0
0
0
0
0
0
0
0
0
0
0
0
0
0
0
0
0
0
0
0
0
0
0
0
0
0
0
0
0
0
0
0
0
0
0
0
0
0
0
0
0
0
0
0
0
0
0
0
0
0
0
0
0
0
0
0
0
0
0
0
0
0
0
0
0
0
0
0
0
0
0
0
0
0
0
0
0
0
0
0
0
0
0
0
0
0
0
0
0
0
0
0
0
0
0
0
0
0
0
0
0
0
0
0
0
0
0
0
0
0
0
0
0
0
0
0
0
0
0
0
0
0
0
0
0
0
0
0
0
0
0
0
0
0
0
0
0
0
0
0
0
0
0
0
0
0
0
0
0
0
0
0
0
0
0
0
0
0
0
0
0
0
0
0
0
0
0
0
0
0
0
0
0
0
0
0
0
0
0
0
0
0
0
0
0
0
0
0
0
0
0
0
0
0
0
0
0
0
0
0
0
0
0
0
0
0
0
0
0
0
0
0
0
0
0
0
0
0
0
0
0
0
0
0
0
0
0
0
0
0
0
0
0
0
0
0
0
0
0
0
0
0
0
0
0
0
0
0
0
0
0
0
0
0
0
0
0
0
0
0
0
0
0
0
0
0
0
0
0
0
0
0
0
0
0
0
0
0
0
0
0
0
0
0
0
0
0
0
0
0
0
0
0
0
0
0
0
0
0
0
0
0
0
0
0
0
0
0
0
0
0
0
0
0
0
0
0
0
0
0
0
0
0
0
0
0
0
0
0
0
0
0
0
0
0
0
0
0
0
0
0
0
0
0
0
0
0
0
0
0
0
0
0
0
0
0
0
0
0
0
0
0
0
0
0
0
0
0
0
0
0
0
0
0
0
0
0
0
0
0
0
0
0
0
