999978
997913
995808
993663
991491
989307
987106
984919
982748
980606
978494
976400
974316
972239
970177
968157
966154
964163
962182
960203
958226
956259
954295
952333
950373
948415
946459
944505
942553
940603
938655
936709
934765
932823
930883
928945
927009
925076
923145
921220
919299
917380
915463
913548
911635
909724
907815
905908
904003
902100
900199
898300
896403
894508
892615
890724
888835
886948
885063
883180
881299
879420
877543
875668
873795
871924
870055
868188
866323
864460
862599
860740
858883
857028
855175
853324
851475
849628
847783
845940
844099
842260
840423
838588
836755
834924
833095
831268
829443
827620
825799
823980
822163
820348
818535
816724
814915
813108
811303
809500
807699
805900
804103
802308
800515
798724
796935
795148
793363
791580
789799
788020
786243
784468
782695
780924
779155
777388
775623
773860
772099
770340
768583
766828
765075
763324
761575
759828
758083
756340
754599
752860
751123
749388
747655
745924
744195
742468
740743
739020
737299
735580
733863
732148
730435
728724
727015
725308
723603
721900
720199
718500
716803
715108
713415
711724
710035
708348
706663
704980
703299
701620
699943
698268
696595
694924
693255
691588
689923
688260
686599
684940
683283
681628
679975
678324
676675
675028
673383
671740
670099
668460
666823
665188
663555
661924
660295
658668
657043
655420
653799
652180
650563
648948
647335
645724
644115
642508
640903
639300
637699
636100
634503
632908
631315
629724
628135
626548
624963
623380
621799
620220
618643
617068
615495
613924
612355
610788
609223
607660
606099
604540
602983
601428
599875
598324
596775
595228
593683
592140
590599
589060
587523
585988
584455
582924
581395
579868
578343
576820
575299
573780
572263
570748
569235
567724
566215
564708
563203
561700
560199
558700
557203
555708
554215
552724
551235
549748
548263
546780
545299
543820
542343
540868
539395
537924
536455
534988
533523
532060
530599
529140
527683
526228
524775
523324
521875
520428
518983
517540
516099
514660
513223
511788
510355
508924
507495
506068
504643
503220
501799
500380
498963
497548
496135
494724
493315
491908
490503
489100
487699
486300
484903
483508
482115
480724
479335
477948
476563
475180
473799
472420
471043
469668
468295
466924
465555
464188
462823
461460
460099
458740
457383
456028
454675
453324
451975
450628
449283
447940
446599
445260
443923
442588
441255
439924
438595
437268
435943
434620
433299
431980
430663
429348
428035
426724
425415
424108
422803
421500
420199
418900
417603
416308
415015
413724
412435
411148
409863
408580
407299
406020
404743
403468
402195
400924
399655
398388
397123
395860
394599
393340
392083
390828
389575
388324
387075
385828
384583
383340
382099
380860
379623
378388
377155
375924
374695
373468
372243
371020
369799
368580
367363
366148
364935
363724
362515
361308
360103
358900
357699
356500
355303
354108
352915
351724
350535
349348
348163
346980
345799
344620
343443
342268
341095
339924
338755
337588
336423
335260
334099
332940
331783
330628
329475
328324
327175
326028
324883
323740
322599
321460
320323
319188
318055
316924
315795
314668
313543
312420
311299
310180
309063
307948
306835
305724
304615
303508
302403
301300
300199
299100
298003
296908
295815
294724
293635
292548
291463
290380
289299
288220
287143
286068
284995
283924
282855
281788
280723
279660
278599
277540
276483
275428
274375
273324
272275
271228
270183
269140
268099
267060
266023
264988
263955
262924
261895
260868
259843
258820
257799
256780
255763
254748
253735
252724
251715
250708
249703
248700
247699
246700
245703
244708
243715
242724
241735
240748
239763
238780
237799
236820
235843
234868
233895
232924
231955
230988
230023
229060
228099
227140
226183
225228
224275
223324
222375
221428
220483
219540
218599
217660
216723
215788
214855
213924
212995
212068
211143
210220
209299
208380
207463
206548
205635
204724
203815
202908
202003
201100
200199
199300
198403
197508
196615
195724
194835
193948
193063
192180
191299
190420
189543
188668
187795
186924
186055
185188
184323
183460
182599
181740
180883
180028
179175
178324
177475
176628
175783
174940
174099
173260
172423
171588
170755
169924
169095
168268
167443
166620
165799
164980
164163
163348
162535
161724
160915
160108
159303
158500
157699
156900
156103
155308
154515
153724
152935
152148
151363
150580
149799
149020
148243
147468
146695
145924
145155
144388
143623
142860
142099
141340
140583
139828
139075
138324
137575
136828
136083
135340
134599
133860
133123
132388
131655
130924
130195
129468
128743
128020
127299
126580
125863
125148
124435
123724
123015
122308
121603
120900
120199
119500
118803
118108
117415
116724
116035
115348
114663
113980
113299
112620
111943
111268
110595
109924
109255
108588
107923
107260
106599
105940
105283
104628
103975
103324
102675
102028
101383
100740
100099
99460
98823
98188
97555
96924
96295
95668
95043
94420
93799
93180
92563
91948
91335
90724
90115
89508
88903
88300
87699
87100
86503
85908
85315
84724
84135
83548
82963
82380
81799
81220
80643
80068
79495
78924
78355
77788
77223
76660
76099
75540
74983
74428
73875
73324
72775
72228
71683
71140
70599
70060
69523
68988
68455
67924
67395
66868
66343
65820
65299
64780
64263
63748
63235
62724
62215
61708
61203
60700
60199
59700
59203
58708
58215
57724
57235
56748
56263
55780
55299
54820
54343
53868
53395
52924
52455
51988
51523
51060
50599
50140
49683
49228
48775
48324
47875
47428
46983
46540
46099
45660
45223
44788
44355
43924
43495
43068
42643
42220
41799
41380
40963
40548
40135
39724
39315
38908
38503
38100
37699
37300
36903
36508
36115
35724
35335
34948
34563
34180
33799
33420
33043
32668
32295
31924
31555
31188
30823
30460
30099
29740
29383
29028
28675
28324
27975
27628
27283
26940
26599
26260
25923
25588
25255
24924
24595
24268
23943
23620
23299
22980
22663
22348
22035
21724
21415
21108
20803
20500
20199
19900
19603
19308
19015
18724
18435
18148
17863
17580
17299
17020
16743
16468
16195
15924
15655
15388
15123
14860
14599
14340
14083
13828
13575
13324
13075
12828
12583
12340
12099
11860
11623
11388
11155
10924
10695
10468
10243
10020
9799
9580
9363
9148
8935
8724
8515
8308
8103
7900
7699
7500
7303
7108
6915
6724
6535
6348
6163
5980
5799
5620
5443
5268
5095
4924
4755
4588
4423
4260
4099
3940
3783
3628
3475
3324
3175
3028
2883
2740
2599
2460
2323
2188
2055
1924
1795
1668
1543
1420
1299
1180
1063
948
835
724
615
508
403
300
238
178
120
78
38
0
0
0
0
0
0
0
0
0
0
0
0
0
0
0
0
0
0
0
0
0
0
0
0
0
0
0
0
0
0
0
0
0
0
0
0
0
0
0
0
0
0
0
0
0
