999021
994602
989834
985618
982280
979550
977132
974841
972588
970352
968127
965906
963687
961473
959259
957046
954835
952624
950413
948202
945991
943784
941577
939370
937163
934956
932749
930542
928336
926131
923926
921722
919518
917315
915112
912909
910706
908503
906300
904097
901894
899692
897490
895288
893086
890884
888682
886480
884278
882076
879874
877672
875470
873268
871066
868864
866662
864460
862258
860056
857854
855652
853450
851248
849046
846844
844642
842440
840238
838036
835834
833632
831430
829228
827026
824824
822622
820420
818218
816016
813814
811612
809410
807208
805006
802804
800602
798400
796198
793996
791794
789592
787390
785188
782986
780784
778582
776380
774178
771976
769774
767572
765370
763168
760966
758764
756562
754360
752158
749956
747754
745552
743350
741148
738946
736744
734542
732340
730138
727936
725734
723532
721330
719128
716926
714724
712522
710320
708118
705916
703714
701512
699310
697108
694906
692704
690502
688300
686098
683896
681694
679492
677290
675088
672886
670684
668482
666280
664078
661876
659674
657472
655270
653068
650866
648664
646462
644260
642058
639856
637654
635452
633250
631048
628846
626644
624442
622240
620038
617836
615634
613432
611230
609028
606826
604624
602422
600220
598018
595816
593614
591412
589210
587008
584806
582604
580402
578200
575998
573796
571594
569392
567190
564988
562786
560584
558382
556180
553978
551776
549574
547372
545170
542968
540766
538564
536362
534160
531958
529756
527554
525352
523150
520948
518746
516544
514342
512140
509938
507736
505534
503332
501130
498928
496726
494524
492322
490120
487918
485716
483514
481312
479110
476908
474706
472504
470302
468100
465898
463696
461494
459292
457090
454888
452686
450484
448282
446080
443878
441676
439474
437272
435070
432868
430666
428464
426262
424060
421858
419656
417454
415252
413050
410848
408646
406444
404242
402040
399838
397636
395434
393232
391030
388828
386626
384424
382222
380020
377818
375616
373414
371212
369010
366808
364606
362404
360202
358000
355798
353596
351394
349192
346990
344788
342586
340384
338182
335980
333778
331576
329374
327172
324970
322768
320566
318364
316162
313960
311758
309556
307354
305152
302950
300748
298546
296344
294142
291940
289738
287536
285334
283132
280930
278728
276526
274324
272122
269920
267718
265516
263314
261112
258910
256708
254506
252304
250102
247900
245698
243496
241294
239092
236890
234688
232486
230284
228082
225880
223678
221476
219274
217072
214870
212668
210466
208264
206062
203860
201658
199456
197254
195052
192850
190648
188446
186244
184042
181840
179638
177436
175234
173032
170830
168628
166426
164224
162022
159820
157618
155416
153214
151012
148810
146608
144406
142204
140002
137800
135598
133396
131194
128992
126790
124588
122386
120184
117982
115780
113578
111376
109174
106972
104770
102568
100366
98164
95962
93760
91558
89356
87154
84952
82750
80548
78346
76144
73942
71740
69538
67336
65134
62932
60730
58528
56326
54124
51922
49720
47518
45316
43114
40912
38710
36508
34306
32104
29902
27700
25498
23296
21094
18892
16690
14488
12286
10084
7882
5680
3478
1276
116
74
39
27
17
9
3
0
0
0
0
0
0
0
0
0
0
0
0
0
0
0
0
0
0
0
0
0
0
0
0
0
0
0
0
0
0
0
0
0
0
0
0
0
0
0
0
0
0
0
0
0
0
0
0
0
0
0
0
0
0
0
0
0
0
0
0
0
0
0
0
0
0
0
0
0
0
0
0
0
0
0
0
0
0
0
0
0
0
0
0
0
0
0
0
0
0
0
0
0
0
0
0
0
0
0
0
0
0
0
0
0
0
0
0
0
0
0
0
0
0
0
0
0
0
0
0
0
0
0
0
0
0
0
0
0
0
0
0
0
0
0
0
0
0
0
0
0
0
0
0
0
0
0
0
0
0
0
0
0
0
0
0
0
0
0
0
0
0
0
0
0
0
0
0
0
0
0
0
0
0
0
0
0
0
0
0
0
0
0
0
0
0
0
0
0
0
0
0
0
0
0
0
0
0
0
0
0
0
0
0
0
0
0
0
0
0
0
0
0
0
0
0
0
0
0
0
0
0
0
0
0
0
0
0
0
0
0
0
0
0
0
0
0
0
0
0
0
0
0
0
0
0
0
0
0
0
0
0
0
0
0
0
0
0
0
0
0
0
0
0
0
0
0
0
0
0
0
0
0
0
0
0
0
0
0
0
0
0
0
0
0
0
0
0
0
0
0
0
0
0
0
0
0
0
0
0
0
0
0
0
0
0
0
0
0
0
0
0
0
0
0
0
0
0
0
0
0
0
0
0
0
0
0
0
0
0
0
0
0
0
0
0
0
0
0
0
0
0
0
0
0
0
0
0
0
0
0
0
0
0
0
0
0
0
0
0
0
0
0
0
0
0
0
0
0
0
0
0
0
0
0
0
0
0
0
0
0
0
0
0
0
0
0
0
0
0
0
0
0
0
0
0
0
0
0
0
0
0
0
0
0
0
0
0
0
0
0
0
0
0
0
0
0
0
0
0
0
0
0
0
0
0
0
0
0
0
0
0
0
0
0
0
0
0
0
0
0
0
0
0
0
0
0
0
0
0
0
0
0
0
0
0
0
0
0
0
0
0
0
0
0
0
0
0
0
0
0
0
0
0
0
0
0
0
0
0
0
0
0
0
0
0
0
0
0
0
0
0
0
0
0
0
0
0
0
0
0
0
0
0
0
0
0
0
0
0
0
0
0
0
0
0
0
0
0
0
0
0
0
0
0
0
0
0
0
0
0
0
0
0
0
0
0
0
0
0
0
0
0
