-12
5
6
20
-4
1
-4
8
6
4
-14
15
7
-8
12
-2
0
-22
16
-2
-4
9
13
18
-3
10
-5
0
-14
-3
14
9
-4
14
-8
1
2
-8
7
8
6
-3
8
-22
3
-1
-2
6
-4
-11
-23
0
-6
-2
1
2
-3
-21
18
10
-3
-13
10
10
12
2
4
11
4
-3
-27
-4
4
-3
1
24
-7
12
8
-12
8
-14
14
-2
3
-6
-8
-7
-11
-5
4
-21
-9
8
2
9
-6
16
13
-4
3
-11
-2
-1
2
6
4
-7
-2
22
-7
18
11
-3
-7
8
-30
2
16
-3
13
16
0
12
12
2
-6
-4
6
13
-14
3
-11
10
-14
-18
-2
-4
-25
-10
-17
-5
0
21
-2
-19
-6
2
1
-15
-14
-5
0
18
4
1
11
-16
-1
-3
20
11
3
-1
1
-3
6
21
0
-2
24
1
17
1
9
2
18
-3
0
10
13
-10
-13
27
4
-3
8
8
-9
1
0
-2
9
0
-6
-16
-19
-6
-12
11
4
5
7
-3
11
0
6
21
-10
13
7
2
-6
0
-13
-11
-1
5
-10
6
-17
2
4
-12
4
0
-6
6
3
4
-12
-9
14
-4
1
-1
16
-3
9
16
2
7
-1
-6
4
11
6
5
10
-14
11
12
-3
7
18
26
-18
-7
12
0
24
-1
14
9
-20
10
-3
-18
-1
-12
-4
0
-6
-21
-6
6
-3
-2
11
-6
-7
-11
0
-5
0
0
17
6
-9
-13
-22
11
-1
-2
-15
8
0
1
-4
11
-18
-10
-10
-1
-3
5
-1
4
-10
3
7
4
23
18
-19
-11
6
4
1
-9
-16
-1
3
-1
1
-5
-3
14
6
5
-24
-7
-5
-21
25
0
-1
4
-4
3
-18
-20
-3
8
-6
-20
-10
16
0
1
24
0
-20
-10
-6
0
-8
-17
-5
-13
-15
6
6
-14
-10
14
30
-2
6
-7
-16
-3
3
-8
-12
-1
-10
-9
-10
-3
-15
-1
-7
-11
16
11
0
6
-19
-14
1
-2
-9
-17
5
-4
4
-10
15
7
-12
-2
-3
-13
12
8
-4
9
2
11
3
12
11
-2
14
3
5
-4
-17
4
7
-15
13
-8
-29
5
-8
6
-11
-18
-7
-7
-3
-21
-6
7
5
6
12
14
-6
11
-2
8
16
-4
3
-22
13
4
4
-9
10
-8
-5
16
4
6
-7
-11
-8
8
-3
-9
0
-17
2
-7
-14
35
5
11
-1
9
-7
3
10
9
4
-14
8
9
18
9
-4
-24
4
-9
-1
-24
0
18
13
-10
-2
8
-11
4
-1
-14
15
-11
16
9
9
9
16
-27
22
16
10
16
16
9
-2
4
1
5
-1
13
-3
7
7
-10
4
4
-5
10
5
15
-12
-1
-12
2
9
3
-13
26
-11
-4
4
1
-11
-17
0
12
12
-7
8
0
-16
-11
6
-7
1
2
14
-1
-13
-17
3
-9
-1
6
-3
-21
-20
-16
10
21
-7
17
5
2
10
-1
6
-19
-6
10
-6
18
-10
-4
-13
-23
-29
2
-7
-9
3
7
-14
-18
29
11
20
-10
-8
6
-3
22
-5
11
12
-10
9
-1
-1
-4
-5
3
3
-6
7
9
6
-7
-12
-1
10
-20
-18
-20
9
9
-14
21
-16
-22
-18
-11
-8
0
11
5
2
6
20
6
4
2
-17
-6
-1
1
7
-13
19
-5
10
-1
4
-17
9
6
-3
2
5
-20
-7
-23
-1
-4
-6
-15
-2
3
1
-10
-13
0
-15
-3
-7
-3
-16
-22
-15
5
0
8
-8
-14
-19
0
2
18
0
0
6
-14
0
-16
13
-11
-17
2
11
11
17
1
0
-8
20
5
2
14
-2
4
9
-3
5
-3
-4
8
-4
15
1
-2
-20
5
-3
0
1
-1
-23
13
-18
-20
2
27
-18
-9
3
5
2
0
1
6
11
2
-10
7
14
-5
1
19
7
-8
-3
11
-9
-8
6
-5
-7
-4
-2
22
-7
10
5
1
10
-18
16
17
-5
19
-10
2
14
5
-10
19
21
15
-8
-4
4
3
6
-6
-10
-2
-2
-11
-5
11
-13
21
-10
-11
17
-21
13
-15
21
-8
-2
-13
-15
-13
15
-15
19
-1
-11
9
-2
-8
-10
2
18
5
6
-19
9
-8
0
1
4
-8
-22
20
-10
-11
9
-6
0
-3
1
-2
-12
-18
-5
36
25
26
3
6
-13
41
4
0
-9
-3
16
20
10
-19
5
10
-2
14
10
-10
-8
-8
-9
1
8
-4
-8
18
0
14
-10
7
6
-10
3
4
8
-6
25
-16
32
5
18
-8
14
10
-8
16
5
2
-7
-8
-4
-5
2
1
8
-2
-7
-7
-16
-1
-2
6
-24
-13
-7
-4
10
1
3
16
5
-14
9
-8
-24
-6
14
-18
-3
5
4
-6
14
-9
13
-5
-3
-2
-4
24
5
-1
-18
3
10
8
14
7
8
17
-2
-5
5
-13
-3
6
9
-17
14
-6
-15
-5
5
1
-5
-1
13
6
7
-8
1
-30
-23
4
4
-18
-1
25
19
-5
-15
1
-1
-4
0
-2
7
16
2
-1
-26
-14
-16
4
-11
7
12
-12
0
-7
16
15
-10
-2
16
-10
-3
-7
16
-24
