0
-5
3
6
-19
11
5
3
-7
14
-8
-3
-7
-22
-1
1
6
-10
8
-13
0
11
-15
-3
1
-20
-11
6
2
6
-1
-5
13
-1
8
-22
6
-2
-3
1
-21
3
5
-19
1
8
2
-4
4
-3
-4
-4
-5
-7
-11
9
18
-4
-14
17
-10
4
1
-10
-7
-5
9
7
1
19
-1
7
10
5
12
-16
2
12
-10
-22
-8
2
10
7
-2
6
-1
-9
2
13
-10
-4
-4
4
8
11
7
-12
19
4
-15
16
0
10
-9
15
1
14
3
3
-2
-1
13
0
-3
-1
-1
1
1
0
5
4
5
-7
-1
-13
4
-6
-11
-21
2
-3
8
-18
6
-19
3
-3
6
-1
-6
-12
-10
-1
-4
-2
-2
-5
18
14
4
1
9
-8
3
3
0
3
7
1
-1
-6
-2
6
4
-3
15
-3
-6
3
-16
-13
4
-16
-1
-8
-3
-12
-3
-6
8
11
-9
-11
-11
-7
9
2
-11
-10
1
7
-1
-2
5
21
-21
-8
-17
0
3
12
-8
-14
0
0
4
14
2
-1
-4
-12
-11
-11
23
9
8
8
5
6
7
2
2
0
-7
15
-4
3
-2
7
-6
-4
0
-6
-11
-8
1
1
-4
-7
5
9
-4
6
-9
-6
-1
-16
5
-5
1
-12
5
2
1
9
-2
-12
-7
12
-3
-3
-14
-3
-8
-11
-7
-3
5
6
3
1
16
-9
-7
-14
-2
5
6
-13
2
7
6
-10
8
4
-3
0
-8
-3
-8
7
3
8
4
-10
0
2
3
3
-20
4
-9
4
5
-3
15
-7
2
-6
13
1
-5
9
3
9
16
9
-6
2
0
-6
15
-11
-5
-8
-8
8
3
2
-2
-11
7
1
8
7
13
-11
-13
-3
-7
0
9
0
-21
1
12
13
6
4
-4
17
-9
5
4
-9
10
1
-17
2
5
3
5
-6
-6
19
-9
-5
-20
1
14
15
0
-5
10
22
-10
-12
-2
-12
1
8
2
-9
-9
-14
-9
12
0
3
13
15
1
-4
1
-2
4
18
0
-3
-6
10
-10
8
-13
6
-7
2
13
9
20
1
-15
12
9
-10
21
-9
5
4
-10
-7
-9
3
21
-1
9
-10
9
-4
-5
-3
11
-14
17
21
-3
-8
13
-1
-7
-1
8
-18
-4
-18
-3
6
-13
0
-4
15
13
2
5
15
7
-5
-1
14
1
-23
1
-3
2
1
6
-11
-2
14
8
0
-2
2
-14
-7
-3
-9
0
9
-12
8
-14
7
9
3
9
3
-18
5
-7
18
-11
12
11
-3
-9
4
6
-1
-5
-2
19
3
-1
8
-14
1
5
-15
1
-7
8
7
-10
3
-1
-11
20
3
0
1
5
1
2
8
-6
-10
-13
0
4
-14
12
-12
16
-5
-11
-9
5
5
8
3
-8
10
12
2
-14
1
4
2
-14
-6
-9
-20
-19
-6
1
0
10
16
-6
1
-16
0
1
7
9
1
-14
6
19
13
3
-21
12
-1
9
-40
-2
-3
-4
-15
-1
3
-14
6
0
4
0
-20
-5
14
-18
-9
6
22
4
4
4
-5
-2
1
4
0
4
-21
-10
-1
-10
-7
-7
-3
12
18
-2
-6
9
1
-16
-9
-3
14
-9
-14
12
8
3
13
-14
9
4
2
-2
12
3
-14
3
-4
-16
10
-12
6
2
17
9
7
-6
0
-9
-2
-7
-23
-2
2
4
-4
-5
-14
-11
-5
-3
-8
0
-3
8
-4
4
-14
10
-21
18
10
-3
22
4
14
10
-10
6
11
2
6
8
12
4
1
-1
-1
-12
2
9
-9
-1
-10
-11
-7
2
-1
7
18
0
-4
-1
5
5
5
-11
-10
-12
3
-2
12
8
-13
-4
10
-6
5
8
3
-1
-10
-4
6
9
1
15
-1
-15
-6
-7
4
5
-1
4
-6
4
5
3
3
-1
-1
1
2
-3
0
1
9
3
8
-4
-4
5
12
2
4
9
-7
-7
22
-8
7
1
11
20
8
1
-9
8
-7
16
-6
11
2
-16
-12
6
5
10
14
8
-7
1
5
6
-1
22
-10
14
9
-2
-10
-9
5
0
12
0
6
3
-2
1
-13
-20
19
-6
-6
9
-1
0
-7
-7
9
-7
5
0
-8
9
-9
7
-4
-13
6
-3
21
-3
3
18
-15
-2
-10
7
8
4
-15
-4
2
-2
-4
6
4
-13
5
26
-6
-6
-7
-22
13
-2
-6
13
10
-1
4
5
-3
12
19
-16
16
8
-6
2
-3
-5
-10
3
10
7
-17
-7
-11
1
10
6
3
-2
-5
-3
-3
2
-2
13
-22
-15
3
21
8
-6
-12
-9
10
-6
-6
-8
-5
-9
6
12
3
8
-10
9
5
-22
-22
-18
15
-1
-9
-12
1
-1
1
-5
3
11
17
1
13
-11
1
8
6
0
3
18
3
4
12
-5
12
7
7
1
-5
-4
-6
-6
5
-1
16
-11
-1
-3
-11
13
6
19
7
10
-2
-7
7
1
13
-7
-4
18
-2
-9
-7
3
-12
2
-14
9
-2
11
-2
6
-10
3
-20
3
0
-1
-4
-20
-1
-14
-2
6
10
6
3
-19
-1
-5
-9
7
-9
-2
4
-4
1
6
2
-8
-5
