15
-6
-18
-15
5
-14
-21
-16
13
24
-23
-1
4
-19
11
-23
19
-2
2
2
-3
4
-12
0
-7
-8
14
16
8
7
-7
-4
-6
18
-5
4
16
-3
-6
-4
7
-14
2
-22
-7
17
3
-4
18
-8
1
-11
-18
41
-9
-6
-6
14
-16
-1
2
13
-9
15
20
-10
7
-5
27
13
-19
1
-3
14
6
19
-8
-3
-19
-11
18
8
-27
-6
-1
3
19
1
-9
-10
4
-1
8
-10
-3
11
18
5
-19
-4
-35
-12
25
-6
26
-3
-18
-4
-18
-14
11
21
13
-2
7
-8
-12
1
16
11
0
12
3
-13
-30
-3
-32
-8
17
-12
-19
2
-23
19
-17
-15
-23
12
14
1
-3
-15
17
-3
20
-13
-28
12
2
6
7
7
13
-4
22
4
17
13
-18
-11
-19
15
-6
-18
10
21
8
-25
17
16
-13
6
9
17
12
0
-1
1
7
28
-17
18
-7
5
18
-7
13
21
-5
24
8
2
-5
-3
-4
8
-19
1
2
-6
-10
0
-9
-5
7
-13
27
16
-15
-25
17
-10
0
-10
-27
-1
-3
-19
-27
-7
-21
3
23
3
10
-12
11
7
1
20
23
27
11
8
-22
-1
23
9
8
-23
-4
-1
-4
-14
6
30
2
3
8
-6
-3
4
12
-1
10
18
-2
-2
-6
-6
9
-20
13
4
-5
-18
-9
-30
16
8
-15
25
3
-28
0
-17
-3
0
11
12
13
-9
11
20
-15
-11
-21
0
3
24
-11
4
-15
-4
13
-24
-12
14
-4
22
20
21
-18
-13
15
8
17
7
-2
-23
-21
-22
-2
2
-14
-10
25
4
-8
2
-16
3
-10
-12
2
12
2
-8
10
-2
16
-5
25
-18
-16
5
-2
-30
-11
5
1
19
-17
-1
-13
14
-10
13
2
-14
2
2
-6
4
7
21
7
-4
-12
-26
15
34
12
-6
-2
-8
4
-5
15
-11
11
-5
12
-16
-3
4
3
4
11
-1
-19
11
9
-11
6
-7
-12
-22
1
-5
-28
2
-13
15
5
3
-13
-11
2
-25
-31
5
-20
16
4
7
30
17
14
-2
4
14
-6
14
6
10
-13
-10
0
-1
-18
6
-15
2
13
2
-10
-5
-15
-8
-20
-5
-12
2
-21
-8
-5
3
-17
-7
6
2
-9
-13
15
10
-14
14
12
30
20
0
-13
-13
-9
7
1
10
-19
-3
9
3
3
-17
-8
-6
-17
-26
-1
9
9
-3
-4
18
-12
8
-4
16
-23
-8
-7
-6
7
15
-37
-13
-5
-23
5
7
-1
-6
-8
39
3
-6
1
6
-16
1
2
-17
8
3
8
-8
-37
-3
21
0
-5
-11
13
-6
-17
1
-5
10
-16
10
7
-10
-2
-19
11
4
-21
8
-1
10
-10
12
3
-10
-4
-6
1
5
0
13
-16
18
16
-13
10
-11
-15
-5
1
5
-30
-5
-4
0
16
4
-4
-11
-15
18
6
3
-6
4
3
26
-16
-32
10
10
-22
-9
21
-18
15
11
-7
-25
-4
-10
3
0
-12
6
-2
18
0
-13
-9
-28
2
12
4
-13
10
32
10
-18
10
-11
-5
-9
-22
-5
-12
-12
-13
-6
-3
-7
-15
37
9
-5
9
-16
22
0
-2
5
-6
19
3
-9
-2
15
-2
20
8
2
-1
-2
1
0
-7
1
-21
-12
-9
-23
-21
-17
12
14
11
2
0
-24
2
-3
-9
-1
-7
13
-2
-8
19
-23
14
1
7
1
-12
8
-2
17
4
6
15
-29
-2
-8
-3
25
1
1
-10
7
9
15
15
-1
0
12
23
-9
20
7
-9
-11
-12
21
1
-9
4
-2
-21
-4
-7
15
11
-3
27
1
-8
10
-2
1
10
-5
10
25
-5
15
2
1
-5
5
-12
6
-2
9
8
-8
-13
8
29
17
11
35
5
-11
0
11
-32
-9
-9
4
-6
10
15
-6
18
-16
11
-15
3
9
0
-25
-2
5
7
18
-3
9
0
18
12
-17
-1
9
6
-8
8
-15
5
-5
0
-2
-17
13
18
-20
4
13
-18
-16
4
-12
16
-3
12
-9
8
13
8
21
-5
44
-4
2
3
10
-2
-3
-10
17
-2
-16
-11
-22
-21
11
17
-12
18
-1
17
15
19
-31
-10
-25
-1
-26
5
3
14
-2
12
3
12
3
20
-27
1
-5
1
7
18
-2
-12
-3
-3
-9
-20
5
-4
-9
-8
2
-7
-6
12
-3
3
1
-16
17
-4
-10
12
20
-8
17
-22
-12
2
-9
14
18
21
-1
-4
-2
11
5
2
-19
2
0
16
23
6
25
-16
8
-6
-11
-3
21
12
4
-7
-7
17
-5
-8
-4
-1
-11
10
-27
-8
-12
-2
6
-8
21
-12
-7
-4
2
9
4
-7
4
14
10
26
-9
-9
-15
-8
-32
15
-4
0
24
9
1
19
-15
12
8
25
-1
1
-5
4
24
-2
15
29
-14
-6
-18
14
-1
18
-5
15
-15
-9
6
-10
-27
7
-13
-1
-2
-13
2
22
-20
18
-7
0
-7
7
21
-2
-17
-9
-14
15
13
2
-10
12
15
-16
8
-17
32
5
-10
11
-1
-17
2
9
7
-19
11
-3
4
-2
4
-11
7
8
33
-13
29
-8
3
-10
-22
