22
10
0
0
1
18
20
29
1919
1523
2167
484
400
2572
2256
1779
888
3085
1413
2271
2094
2856
3069
1362
777
1355
2105
2277
2335
634
3240
1089
188
828
1003
479
2072
1201
2979
1476
645
2493
1524
2925
2194
513
851
3029
2871
1532
795
1886
2348
161
2156
2209
1577
410
2007
1917
2004
430
1816
1061
1591
2255
2216
2845
902
706
336
2515
2095
214
1495
141
1705
1917
36
2599
2405
2597
3210
2723
216
1189
1431
2304
1075
2051
1922
1775
1606
360
401
2193
2481
1864
2098
77
650
2049
2494
2591
1894
2103
3008
3035
385
1810
2539
833
3092
2673
954
2152
490
1234
188
1917
1380
84
1878
2365
1146
2100
443
2253
1901
3003
2755
82
2696
2020
2065
1372
467
704
1343
2329
37
373
656
125
266
999
2550
1060
2131
2575
1701
2738
1252
2120
1606
2245
573
1177
204026
1700285
824996
1338478
1696964
2711203
233024
568481
2623651
144270
779452
2316009
149392
364758
981578
2182633
1882475
1320720
1124851
2812399
1808129
2292295
2357598
1717365
2729066
2051588
2184440
1499681
820188
268618
2449059
1531184
2419462
2274444
727279
1505380
1858122
1582804
2792406
808154
1083569
3895
2981115
1863082
592092
3244370
2894989
654422
1863558
796874
1977554
3056154
2559349
464839
511659
2458679
94186
688912
1403871
191320
2641023
3417958
2065308
2863338
2826223
1462581
2425061
1886426
1333130
2689496
1749380
686733
1366808
1344837
2225382
1941033
2893652
1144214
98442
1696784
3130073
1199449
554858
311375
2873650
21780
2098533
1708781
1311048
1949488
1896735
1892021
2479086
1133442
1653828
2203183
1556306
1027085
2218263
1664363
793796
1109715
2919894
1786331
2935306
2612310
3184592
1554317
1352348
776018
3014692
2019195
1976911
2218286
1789924
21160
2136505
599314
62402
2970833
532003
834373
1490299
1950269
1819937
2801568
3245944
848127
379786
2564008
125001
1416232
918543
1602140
423221
3099975
1558016
1195696
38834
1154479
554648
2488577
2399486
1712120
2544650
2856826
1590057
2794802
1907628
861751
6837044
12794776
24846466
18748710
29769598
15837213
8145856
16821589
19247070
16455714
23833716
926182
18557137
17607413
1563128
18388133
8027933
4406792
18128410
10587843
3497012
5219059
13731872
14897463
6119145
26850463
17489467
16652120
9220065
12254654
23424014
5029276
22529699
32053601
21805690
10866635
10786836
27996721
242189
631743
17069557
10983123
18973756
19760203
17158380
18349518
16712673
1696795
11821032
31463131
20554039
31159761
2573609
21598522
16592977
26050147
16061027
24104944
25211713
1003179
3260112
12271435
5995471
15677182
26352678
11957748
23611492
7020917
18573770
298691
26459908
23852393
15431551
14614834
669494
25751366
13988340
27914596
3564968
24269415
2038077
18116263
4912720
24930411
28791510
32458082
28678409
16584242
20026304
21403201
31328031
9670134
65520197
50870110
60465957
65408922
66089038
67211554
59060049
62310531
60120376
66024369
61952543
66228339
53815066
67263220
57991497
64646158
61517819
52924759
58713001
50053487
66470121
64663768
59662159
65667533
54842504
60682159
65366524
61186688
54822401
63885622
66177199
57996383
64146642
55830484
65698190
66249216
64310109
64869695
60124750
56809658
59846361
66337958
61356388
49783464
58551052
65761956
60408440
66127131
66534127
54527544
64791122
52731203
62802723
53262452
56731678
59320156
54708389
68769103
67634717
61616909
55818298
57733031
51592024
65608498
64807164
63625859
61583494
59849790
55818496
66293542
59354825
64802740
58676377
67353769
66466136
60673449
65462222
55765015
66017243
67351059
66052937
66049461
56101025
67727466
65819047
63833388
64781080
64089423
64524795
62037179
56730425
62071724
53521119
66181930
66411127
59606658
65608125
66243258
55301566
57973402
